2013-04-09 19:41:08: ----- ：任务 'GuPiao'：计算机 'SIMON-PC' 上的分析操作已由 User 所启动 (GoodSync v 9.3.7.7 x86 on Windows 7) -----
2013-04-09 19:41:08: GuPiao: E:\ProjectCode\CompanyCMS <-> ftp://jinshihao482.gotoftp3.com/wwwroot [implicit] [mdtm] [ping-control], SavePrevVers, CleanupPrevVers=30d, CleanupOldGens=24m, TmpDest, EstReq, CopyLocked, DetectMovesAndRenames, DetectFolderMoves, FileLinksDrill, Reconnect=3, ChangeLimit=10
2013-04-09 19:41:08: 排除隐藏属性, 排除系统属性, 已排除 name data|licens*.rfo|cache.rfo|mru.rfo|mpp*.rfo|RoboForm Online Account.rfp|name *._gstmp|/System Volume Information|Thumbs.db|.DS_Store 
2013-04-09 19:41:08: 左侧: 读取状态文件 E:\ProjectCode\CompanyCMS\_gsdata_\_file_state_v4._gs
2013-04-09 19:41:09: 左侧：文件： 2,764 (已排除 1)。文件夹： 541 (已排除 5)。 E: NTFS, 可用空间：30.6 GB，总计空间：84.3 GB
2013-04-09 19:41:13: 右侧: 读取状态文件 ftp://jinshihao482.gotoftp3.com/wwwroot/_gsdata_/_file_state_v4._gs
2013-04-09 19:43:21: FTP: Control connection lost was after good data transfer, so we assume data transfer was OK: receiving line: [receiving data jinshihao482.gotoftp3.com:21]: Time out
2013-04-09 19:43:22: FTP: Fast reconnect succeeded
2013-04-09 19:45:49: FTP: Control connection lost was after good data transfer, so we assume data transfer was OK: receiving line: [receiving data jinshihao482.gotoftp3.com:21]: Time out
2013-04-09 19:45:50: FTP: Fast reconnect succeeded
2013-04-09 19:49:20: FTP: Control connection lost was after good data transfer, so we assume data transfer was OK: receiving line: [receiving data jinshihao482.gotoftp3.com:21]: Time out
2013-04-09 19:49:21: FTP: Fast reconnect succeeded
2013-04-09 19:52:15: FTP: Control connection lost was after good data transfer, so we assume data transfer was OK: receiving line: [receiving data jinshihao482.gotoftp3.com:21]: Time out
2013-04-09 19:52:16: FTP: Fast reconnect succeeded
2013-04-09 19:55:55: FTP: Control connection lost was after good data transfer, so we assume data transfer was OK: receiving line: [receiving data jinshihao482.gotoftp3.com:21]: Time out
2013-04-09 19:55:56: FTP: Fast reconnect succeeded
2013-04-09 19:56:28: 右侧：文件： 2,786 (已排除 )。文件夹： 544 (已排除 5)。 FTP: (vsFTPd 2.2.2)
2013-04-09 19:56:28: /caches/caches_admin/caches_data/copyfrom.cache.php: 冲突：文件两侧都进行了改动
2013-04-09 19:56:28: /caches/caches_commons/caches_data/badword.cache.php: 冲突：文件两侧都进行了改动
2013-04-09 19:56:28: /caches/caches_commons/caches_data/category_content.cache.php: 冲突：文件两侧都进行了改动
2013-04-09 19:56:28: /caches/caches_commons/caches_data/category_content_1.cache.php: 冲突：文件两侧都进行了改动
2013-04-09 19:56:28: /caches/caches_commons/caches_data/category_items_1.cache.php: 冲突：文件两侧都进行了改动
2013-04-09 19:56:28: /caches/caches_commons/caches_data/category_items_11.cache.php: 冲突：文件两侧都进行了改动
2013-04-09 19:56:28: /caches/caches_commons/caches_data/category_items_2.cache.php: 冲突：文件两侧都进行了改动
2013-04-09 19:56:28: /caches/caches_commons/caches_data/category_items_3.cache.php: 冲突：文件两侧都进行了改动
2013-04-09 19:56:28: /caches/caches_commons/caches_data/common.cache.php: 冲突：文件两侧都进行了改动
2013-04-09 19:56:28: /caches/caches_commons/caches_data/downservers.cache.php: 冲突：文件两侧都进行了改动
2013-04-09 19:56:28: /caches/caches_commons/caches_data/ipbanned.cache.php: 冲突：文件两侧都进行了改动
2013-04-09 19:56:28: /caches/caches_commons/caches_data/keylink.cache.php: 冲突：文件两侧都进行了改动
2013-04-09 19:56:28: /caches/caches_commons/caches_data/link.cache.php: 冲突：文件两侧都进行了改动
2013-04-09 19:56:28: /caches/caches_commons/caches_data/member_model.cache.php: 冲突：文件两侧都进行了改动
2013-04-09 19:56:28: /caches/caches_commons/caches_data/model.cache.php: 冲突：文件两侧都进行了改动
2013-04-09 19:56:28: /caches/caches_commons/caches_data/modules.cache.php: 冲突：文件两侧都进行了改动
2013-04-09 19:56:28: /caches/caches_commons/caches_data/position.cache.php: 冲突：文件两侧都进行了改动
2013-04-09 19:56:28: /caches/caches_commons/caches_data/role.cache.php: 冲突：文件两侧都进行了改动
2013-04-09 19:56:28: /caches/caches_commons/caches_data/role_siteid.cache.php: 冲突：文件两侧都进行了改动
2013-04-09 19:56:28: /caches/caches_commons/caches_data/sitelist.cache.php: 冲突：文件两侧都进行了改动
2013-04-09 19:56:28: /caches/caches_commons/caches_data/special.cache.php: 冲突：文件两侧都进行了改动
2013-04-09 19:56:28: /caches/caches_commons/caches_data/type_content.cache.php: 冲突：文件两侧都进行了改动
2013-04-09 19:56:28: /caches/caches_commons/caches_data/urlrules.cache.php: 冲突：文件两侧都进行了改动
2013-04-09 19:56:28: /caches/caches_commons/caches_data/urlrules_detail.cache.php: 冲突：文件两侧都进行了改动
2013-04-09 19:56:28: /caches/caches_commons/caches_data/vote.cache.php: 冲突：文件两侧都进行了改动
2013-04-09 19:56:28: /caches/caches_commons/caches_data/workflow_1.cache.php: 冲突：文件两侧都进行了改动
2013-04-09 19:56:28: /caches/caches_linkage/caches_data/1.cache.php: 冲突：文件两侧都进行了改动
2013-04-09 19:56:28: /caches/caches_member/caches_data/grouplist.cache.php: 冲突：文件两侧都进行了改动
2013-04-09 19:56:28: /caches/caches_member/caches_data/member_setting.cache.php: 冲突：文件两侧都进行了改动
2013-04-09 19:56:28: /caches/caches_model/caches_data/content_form.class.php: 冲突：文件两侧都进行了改动
2013-04-09 19:56:28: /caches/caches_model/caches_data/content_input.class.php: 冲突：文件两侧都进行了改动
2013-04-09 19:56:28: /caches/caches_model/caches_data/content_output.class.php: 冲突：文件两侧都进行了改动
2013-04-09 19:56:28: /caches/caches_model/caches_data/content_update.class.php: 冲突：文件两侧都进行了改动
2013-04-09 19:56:28: /caches/caches_model/caches_data/member_form.class.php: 冲突：文件两侧都进行了改动
2013-04-09 19:56:28: /caches/caches_model/caches_data/member_input.class.php: 冲突：文件两侧都进行了改动
2013-04-09 19:56:28: /caches/caches_model/caches_data/member_output.class.php: 冲突：文件两侧都进行了改动
2013-04-09 19:56:28: /caches/caches_model/caches_data/member_update.class.php: 冲突：文件两侧都进行了改动
2013-04-09 19:56:28: /caches/caches_model/caches_data/model_field_1.cache.php: 冲突：文件两侧都进行了改动
2013-04-09 19:56:28: /caches/caches_model/caches_data/model_field_10.cache.php: 冲突：文件两侧都进行了改动
2013-04-09 19:56:28: /caches/caches_model/caches_data/model_field_11.cache.php: 冲突：文件两侧都进行了改动
2013-04-09 19:56:28: /caches/caches_model/caches_data/model_field_2.cache.php: 冲突：文件两侧都进行了改动
2013-04-09 19:56:28: /caches/caches_model/caches_data/model_field_3.cache.php: 冲突：文件两侧都进行了改动
2013-04-09 19:56:28: /caches/caches_search/caches_data/search.cache.php: 冲突：文件两侧都进行了改动
2013-04-09 19:56:28: /caches/caches_search/caches_data/search_model_1.cache.php: 冲突：文件两侧都进行了改动
2013-04-09 19:56:28: /caches/caches_search/caches_data/type_model_1.cache.php: 冲突：文件两侧都进行了改动
2013-04-09 19:56:28: /caches/caches_search/caches_data/type_module_1.cache.php: 冲突：文件两侧都进行了改动
2013-04-09 19:56:28: /caches/caches_template/default/content/category_neican.php: 冲突：文件两侧都进行了改动
2013-04-09 19:56:28: /caches/caches_template/default/content/footer.php: 冲突：文件两侧都进行了改动
2013-04-09 19:56:28: /caches/caches_template/default/content/footer_neican.php: 冲突：文件两侧都进行了改动
2013-04-09 19:56:28: /caches/caches_template/default/content/header.php: 冲突：文件两侧都进行了改动
2013-04-09 19:56:28: /caches/caches_template/default/content/header_neican.php: 冲突：文件两侧都进行了改动
2013-04-09 19:56:28: /caches/caches_template/default/content/index.php: 冲突：文件两侧都进行了改动
2013-04-09 19:56:28: /caches/caches_template/default/content/list.php: 冲突：文件两侧都进行了改动
2013-04-09 19:56:28: /caches/caches_template/default/content/list_neican.php: 冲突：文件两侧都进行了改动
2013-04-09 19:56:28: /caches/caches_template/default/content/message.php: 冲突：文件两侧都进行了改动
2013-04-09 19:56:28: /caches/caches_template/default/content/page.php: 冲突：文件两侧都进行了改动
2013-04-09 19:56:28: /caches/caches_template/default/content/show.php: 冲突：文件两侧都进行了改动
2013-04-09 19:56:28: /caches/caches_template/default/content/show_neican.php: 冲突：文件两侧都进行了改动
2013-04-09 19:56:28: /caches/caches_template/default/member/footer.php: 冲突：文件两侧都进行了改动
2013-04-09 19:56:28: /caches/caches_template/default/member/login.php: 冲突：文件两侧都进行了改动
2013-04-09 19:56:28: /caches/caches_template/default/member/mini.php: 冲突：文件两侧都进行了改动
2013-04-09 19:56:28: /caches/configs/modules.php: 冲突：文件两侧都进行了改动
2013-04-09 19:56:28: /caches/configs/system.php: 冲突：文件两侧都进行了改动
2013-04-09 19:56:28: /caches/error_log.php: 冲突：文件两侧都进行了改动
2013-04-09 19:56:28: /favicon.png: Conflict: File differs on L and R but generations are the same
2013-04-09 19:56:28: /phpcms/languages/zh-cn/system.lang.php: 冲突：文件两侧都进行了改动
2013-04-09 19:56:28: /phpcms/templates/default/content/header.html: 冲突：文件两侧都进行了改动
2013-04-09 19:56:28: /phpcms/templates/default/content/header_neican.html: Conflict: File differs on L and R but generations are the same
2013-04-09 19:56:28: /phpcms/templates/default/content/header_page.html: Conflict: File differs on L and R but generations are the same
2013-04-09 19:56:28: /phpcms/templates/default/content/page.html: Conflict: File differs on L and R but generations are the same
2013-04-09 19:56:28: /phpcms/templates/default/link/index.html: Conflict: File differs on L and R but generations are the same
2013-04-09 19:56:28: /phpcms/templates/default/member/mini.html: 冲突：文件两侧都进行了改动
2013-04-09 19:56:28: /statics/css/link.css: Conflict: File differs on L and R but generations are the same
2013-04-09 19:56:28: /statics/images/friend_link_logo/link1.gif: Conflict: File differs on L and R but generations are the same
2013-04-09 19:56:28: /statics/images/friend_link_logo/link2.gif: Conflict: File differs on L and R but generations are the same
2013-04-09 19:56:28: /statics/images/friend_link_logo/link3.gif: Conflict: File differs on L and R but generations are the same
2013-04-09 19:56:28: /statics/images/friend_link_logo/link4.gif: Conflict: File differs on L and R but generations are the same
2013-04-09 19:56:28: /statics/images/friend_link_logo/link5.gif: Conflict: File differs on L and R but generations are the same
2013-04-09 19:56:28: /statics/images/inner_linker.gif: Conflict: File differs on L and R but generations are the same
2013-04-09 19:56:28: /statics/images/inner_navbg.gif: Conflict: File differs on L and R but generations are the same
2013-04-09 19:56:28: /statics/images/logo.jpg: Conflict: File differs on L and R but generations are the same
2013-04-09 19:56:28: /statics/images/neican/neirong_01.jpg: Conflict: File differs on L and R but generations are the same
2013-04-09 19:56:28: /caches/caches_template/default/content/category_neican.php: Sync will delete Folder /caches/caches_template/default/content on Right because it is deleted on Left, File /caches/caches_template/default/content/category_neican.php changed on Right (Vertical Conflict)
2013-04-09 19:56:28: /caches/caches_template/default/member/footer.php: Sync will delete Folder /caches/caches_template/default/member on Right because it is deleted on Left, File /caches/caches_template/default/member/footer.php changed on Right (Vertical Conflict)
2013-04-09 19:56:28: 同步需要磁盘 file:///E: 上的空间应为 433 KB，目前为 30.6 GB
2013-04-09 19:56:28: 同步需要磁盘 ftp://jinshihao482.gotoftp3.com 上的空间应为 45.0 KB，目前为 7.99 EB
2013-04-09 19:56:28: 分析完毕并发现冲突情况。如需解决冲突请选择正常的同步方向。
2013-04-09 19:56:28: 变更：109， 冲突：84， 复制时间：， 复制状态：/18， 错误： 
2013-04-09 19:56:28: Left to Right: Copy File: 10 
2013-04-09 19:56:28: Right to Left: Copy File: 15 
2013-04-09 19:56:28: All Nodes (Live+Dead): 3400
2013-04-09 19:56:28: ----- ：分析已结束。 历时 00:15:21， 速度： 159 个文件/秒 -----
2013-04-09 19:56:28: 
2013-04-09 21:53:28: === User Changed Action from 'CONFLICT' to 'COPY_RIGHT_TO_LEFT' on item /phpcms/languages/zh-cn/system.lang.php
2013-04-09 21:53:28: Done.
2013-04-09 21:53:30: === User Changed Action from 'CONFLICT' to 'COPY_RIGHT_TO_LEFT' on item /phpcms/templates/default/content/header.html
2013-04-09 21:53:30: Done.
2013-04-09 21:53:32: Done.
2013-04-09 21:53:59: === User Changed Action from 'CONFLICT' to 'COPY_RIGHT_TO_LEFT' on item /phpcms/templates/default/content/header.html
2013-04-09 21:53:59: Done.
2013-04-09 21:54:00: === User Changed Action from 'CONFLICT' to 'COPY_RIGHT_TO_LEFT' on item /phpcms/templates/default/content/header_neican.html
2013-04-09 21:54:00: Done.
2013-04-09 21:54:01: === User Changed Action from 'CONFLICT' to 'COPY_RIGHT_TO_LEFT' on item /phpcms/templates/default/content/header_page.html
2013-04-09 21:54:01: Done.
2013-04-09 21:54:02: === User Changed Action from 'CONFLICT' to 'COPY_RIGHT_TO_LEFT' on item /phpcms/templates/default/content/page.html
2013-04-09 21:54:02: Done.
2013-04-09 21:54:03: === User Changed Action from 'CONFLICT' to 'COPY_RIGHT_TO_LEFT' on item /phpcms/templates/default/link/index.html
2013-04-09 21:54:03: Done.
2013-04-09 21:54:05: === User Changed Action from 'CONFLICT' to 'COPY_RIGHT_TO_LEFT' on item /phpcms/templates/default/member/mini.html
2013-04-09 21:54:05: Done.
2013-04-09 21:54:09: === User Changed Action from 'CONFLICT' to 'COPY_RIGHT_TO_LEFT' on item /statics/css/link.css
2013-04-09 21:54:09: Done.
2013-04-09 21:54:10: === User Changed Action from 'CONFLICT' to 'COPY_RIGHT_TO_LEFT' on item /statics/images/friend_link_logo/link1.gif
2013-04-09 21:54:10: === User Changed Action from 'CONFLICT' to 'COPY_RIGHT_TO_LEFT' on item /statics/images/friend_link_logo/link2.gif
2013-04-09 21:54:10: === User Changed Action from 'CONFLICT' to 'COPY_RIGHT_TO_LEFT' on item /statics/images/friend_link_logo/link3.gif
2013-04-09 21:54:10: === User Changed Action from 'CONFLICT' to 'COPY_RIGHT_TO_LEFT' on item /statics/images/friend_link_logo/link4.gif
2013-04-09 21:54:10: === User Changed Action from 'CONFLICT' to 'COPY_RIGHT_TO_LEFT' on item /statics/images/friend_link_logo/link5.gif
2013-04-09 21:54:10: Done.
2013-04-09 21:54:12: === User Changed Action from 'CONFLICT' to 'COPY_RIGHT_TO_LEFT' on item /statics/images/inner_linker.gif
2013-04-09 21:54:12: Done.
2013-04-09 21:54:14: === User Changed Action from 'CONFLICT' to 'COPY_RIGHT_TO_LEFT' on item /statics/images/inner_navbg.gif
2013-04-09 21:54:14: Done.
2013-04-09 21:54:15: === User Changed Action from 'CONFLICT' to 'COPY_RIGHT_TO_LEFT' on item /statics/images/logo.jpg
2013-04-09 21:54:15: Done.
2013-04-09 21:54:17: === User Changed Action from 'CONFLICT' to 'COPY_RIGHT_TO_LEFT' on item /statics/images/neican/neirong_01.jpg
2013-04-09 21:54:17: Done.
2013-04-09 21:54:23: Done.
2013-04-09 21:54:30: === User Changed Action from 'COPY_LEFT_TO_RIGHT' to 'COPY_RIGHT_TO_LEFT' on item /html/about/index.html
2013-04-09 21:54:30: Done.
2013-04-09 21:54:36: === User Changed Action from 'CONFLICT' to 'COPY_RIGHT_TO_LEFT' on item /caches/caches_admin/caches_data/copyfrom.cache.php
2013-04-09 21:54:36: === User Changed Action from 'CONFLICT' to 'COPY_RIGHT_TO_LEFT' on item /caches/caches_commons/caches_data/badword.cache.php
2013-04-09 21:54:36: === User Changed Action from 'CONFLICT' to 'COPY_RIGHT_TO_LEFT' on item /caches/caches_commons/caches_data/category_content.cache.php
2013-04-09 21:54:36: === User Changed Action from 'CONFLICT' to 'COPY_RIGHT_TO_LEFT' on item /caches/caches_commons/caches_data/category_content_1.cache.php
2013-04-09 21:54:36: === User Changed Action from 'CONFLICT' to 'COPY_RIGHT_TO_LEFT' on item /caches/caches_commons/caches_data/category_items_1.cache.php
2013-04-09 21:54:36: === User Changed Action from 'CONFLICT' to 'COPY_RIGHT_TO_LEFT' on item /caches/caches_commons/caches_data/category_items_11.cache.php
2013-04-09 21:54:36: === User Changed Action from 'CONFLICT' to 'COPY_RIGHT_TO_LEFT' on item /caches/caches_commons/caches_data/category_items_2.cache.php
2013-04-09 21:54:36: === User Changed Action from 'CONFLICT' to 'COPY_RIGHT_TO_LEFT' on item /caches/caches_commons/caches_data/category_items_3.cache.php
2013-04-09 21:54:36: === User Changed Action from 'CONFLICT' to 'COPY_RIGHT_TO_LEFT' on item /caches/caches_commons/caches_data/common.cache.php
2013-04-09 21:54:36: === User Changed Action from 'CONFLICT' to 'COPY_RIGHT_TO_LEFT' on item /caches/caches_commons/caches_data/downservers.cache.php
2013-04-09 21:54:36: === User Changed Action from 'CONFLICT' to 'COPY_RIGHT_TO_LEFT' on item /caches/caches_commons/caches_data/ipbanned.cache.php
2013-04-09 21:54:36: === User Changed Action from 'CONFLICT' to 'COPY_RIGHT_TO_LEFT' on item /caches/caches_commons/caches_data/keylink.cache.php
2013-04-09 21:54:36: === User Changed Action from 'CONFLICT' to 'COPY_RIGHT_TO_LEFT' on item /caches/caches_commons/caches_data/link.cache.php
2013-04-09 21:54:36: === User Changed Action from 'CONFLICT' to 'COPY_RIGHT_TO_LEFT' on item /caches/caches_commons/caches_data/member_model.cache.php
2013-04-09 21:54:36: === User Changed Action from 'CONFLICT' to 'COPY_RIGHT_TO_LEFT' on item /caches/caches_commons/caches_data/model.cache.php
2013-04-09 21:54:36: === User Changed Action from 'CONFLICT' to 'COPY_RIGHT_TO_LEFT' on item /caches/caches_commons/caches_data/modules.cache.php
2013-04-09 21:54:36: === User Changed Action from 'CONFLICT' to 'COPY_RIGHT_TO_LEFT' on item /caches/caches_commons/caches_data/position.cache.php
2013-04-09 21:54:36: === User Changed Action from 'CONFLICT' to 'COPY_RIGHT_TO_LEFT' on item /caches/caches_commons/caches_data/role.cache.php
2013-04-09 21:54:36: === User Changed Action from 'CONFLICT' to 'COPY_RIGHT_TO_LEFT' on item /caches/caches_commons/caches_data/role_siteid.cache.php
2013-04-09 21:54:36: === User Changed Action from 'CONFLICT' to 'COPY_RIGHT_TO_LEFT' on item /caches/caches_commons/caches_data/sitelist.cache.php
2013-04-09 21:54:36: === User Changed Action from 'CONFLICT' to 'COPY_RIGHT_TO_LEFT' on item /caches/caches_commons/caches_data/special.cache.php
2013-04-09 21:54:36: === User Changed Action from 'CONFLICT' to 'COPY_RIGHT_TO_LEFT' on item /caches/caches_commons/caches_data/type_content.cache.php
2013-04-09 21:54:36: === User Changed Action from 'CONFLICT' to 'COPY_RIGHT_TO_LEFT' on item /caches/caches_commons/caches_data/urlrules.cache.php
2013-04-09 21:54:36: === User Changed Action from 'CONFLICT' to 'COPY_RIGHT_TO_LEFT' on item /caches/caches_commons/caches_data/urlrules_detail.cache.php
2013-04-09 21:54:36: === User Changed Action from 'CONFLICT' to 'COPY_RIGHT_TO_LEFT' on item /caches/caches_commons/caches_data/vote.cache.php
2013-04-09 21:54:36: === User Changed Action from 'CONFLICT' to 'COPY_RIGHT_TO_LEFT' on item /caches/caches_commons/caches_data/workflow_1.cache.php
2013-04-09 21:54:36: === User Changed Action from 'COPY_LEFT_TO_RIGHT' to 'COPY_RIGHT_TO_LEFT' on item /caches/caches_content/caches_data/update_html_catid-1-1.cache.php
2013-04-09 21:54:36: === User Changed Action from 'COPY_LEFT_TO_RIGHT' to 'COPY_RIGHT_TO_LEFT' on item /caches/caches_content/caches_data/update_url_catid-1-1.cache.php
2013-04-09 21:54:36: === User Changed Action from 'CONFLICT' to 'COPY_RIGHT_TO_LEFT' on item /caches/caches_linkage/caches_data/1.cache.php
2013-04-09 21:54:36: === User Changed Action from 'CONFLICT' to 'COPY_RIGHT_TO_LEFT' on item /caches/caches_member/caches_data/grouplist.cache.php
2013-04-09 21:54:36: === User Changed Action from 'CONFLICT' to 'COPY_RIGHT_TO_LEFT' on item /caches/caches_member/caches_data/member_setting.cache.php
2013-04-09 21:54:36: === User Changed Action from 'CONFLICT' to 'COPY_RIGHT_TO_LEFT' on item /caches/caches_model/caches_data/content_form.class.php
2013-04-09 21:54:36: === User Changed Action from 'CONFLICT' to 'COPY_RIGHT_TO_LEFT' on item /caches/caches_model/caches_data/content_input.class.php
2013-04-09 21:54:36: === User Changed Action from 'CONFLICT' to 'COPY_RIGHT_TO_LEFT' on item /caches/caches_model/caches_data/content_output.class.php
2013-04-09 21:54:36: === User Changed Action from 'CONFLICT' to 'COPY_RIGHT_TO_LEFT' on item /caches/caches_model/caches_data/content_update.class.php
2013-04-09 21:54:36: === User Changed Action from 'CONFLICT' to 'COPY_RIGHT_TO_LEFT' on item /caches/caches_model/caches_data/member_form.class.php
2013-04-09 21:54:36: === User Changed Action from 'CONFLICT' to 'COPY_RIGHT_TO_LEFT' on item /caches/caches_model/caches_data/member_input.class.php
2013-04-09 21:54:36: === User Changed Action from 'CONFLICT' to 'COPY_RIGHT_TO_LEFT' on item /caches/caches_model/caches_data/member_output.class.php
2013-04-09 21:54:36: === User Changed Action from 'CONFLICT' to 'COPY_RIGHT_TO_LEFT' on item /caches/caches_model/caches_data/member_update.class.php
2013-04-09 21:54:36: === User Changed Action from 'CONFLICT' to 'COPY_RIGHT_TO_LEFT' on item /caches/caches_model/caches_data/model_field_1.cache.php
2013-04-09 21:54:36: === User Changed Action from 'CONFLICT' to 'COPY_RIGHT_TO_LEFT' on item /caches/caches_model/caches_data/model_field_10.cache.php
2013-04-09 21:54:36: === User Changed Action from 'CONFLICT' to 'COPY_RIGHT_TO_LEFT' on item /caches/caches_model/caches_data/model_field_11.cache.php
2013-04-09 21:54:36: === User Changed Action from 'CONFLICT' to 'COPY_RIGHT_TO_LEFT' on item /caches/caches_model/caches_data/model_field_2.cache.php
2013-04-09 21:54:36: === User Changed Action from 'CONFLICT' to 'COPY_RIGHT_TO_LEFT' on item /caches/caches_model/caches_data/model_field_3.cache.php
2013-04-09 21:54:36: === User Changed Action from 'CONFLICT' to 'COPY_RIGHT_TO_LEFT' on item /caches/caches_search/caches_data/search.cache.php
2013-04-09 21:54:36: === User Changed Action from 'CONFLICT' to 'COPY_RIGHT_TO_LEFT' on item /caches/caches_search/caches_data/search_model_1.cache.php
2013-04-09 21:54:36: === User Changed Action from 'CONFLICT' to 'COPY_RIGHT_TO_LEFT' on item /caches/caches_search/caches_data/type_model_1.cache.php
2013-04-09 21:54:36: === User Changed Action from 'CONFLICT' to 'COPY_RIGHT_TO_LEFT' on item /caches/caches_search/caches_data/type_module_1.cache.php
2013-04-09 21:54:36: === User Changed Action from 'CONFLICT' to 'COPY_RIGHT_TO_LEFT' on item /caches/caches_template/default/content
2013-04-09 21:54:36: === User Changed Action from 'CONFLICT' to 'COPY_RIGHT_TO_LEFT' on item /caches/caches_template/default/content/category_neican.php
2013-04-09 21:54:36: === User Changed Action from 'CONFLICT' to 'COPY_RIGHT_TO_LEFT' on item /caches/caches_template/default/content/footer.php
2013-04-09 21:54:36: === User Changed Action from 'CONFLICT' to 'COPY_RIGHT_TO_LEFT' on item /caches/caches_template/default/content/footer_neican.php
2013-04-09 21:54:36: === User Changed Action from 'CONFLICT' to 'COPY_RIGHT_TO_LEFT' on item /caches/caches_template/default/content/header.php
2013-04-09 21:54:36: === User Changed Action from 'CONFLICT' to 'COPY_RIGHT_TO_LEFT' on item /caches/caches_template/default/content/header_neican.php
2013-04-09 21:54:36: === User Changed Action from 'CONFLICT' to 'COPY_RIGHT_TO_LEFT' on item /caches/caches_template/default/content/index.php
2013-04-09 21:54:36: === User Changed Action from 'CONFLICT' to 'COPY_RIGHT_TO_LEFT' on item /caches/caches_template/default/content/list.php
2013-04-09 21:54:36: === User Changed Action from 'CONFLICT' to 'COPY_RIGHT_TO_LEFT' on item /caches/caches_template/default/content/list_neican.php
2013-04-09 21:54:36: === User Changed Action from 'CONFLICT' to 'COPY_RIGHT_TO_LEFT' on item /caches/caches_template/default/content/message.php
2013-04-09 21:54:36: === User Changed Action from 'CONFLICT' to 'COPY_RIGHT_TO_LEFT' on item /caches/caches_template/default/content/page.php
2013-04-09 21:54:36: === User Changed Action from 'CONFLICT' to 'COPY_RIGHT_TO_LEFT' on item /caches/caches_template/default/content/show.php
2013-04-09 21:54:36: === User Changed Action from 'CONFLICT' to 'COPY_RIGHT_TO_LEFT' on item /caches/caches_template/default/content/show_neican.php
2013-04-09 21:54:36: === User Changed Action from 'CONFLICT' to 'COPY_RIGHT_TO_LEFT' on item /caches/caches_template/default/member
2013-04-09 21:54:36: === User Changed Action from 'CONFLICT' to 'COPY_RIGHT_TO_LEFT' on item /caches/caches_template/default/member/footer.php
2013-04-09 21:54:36: === User Changed Action from 'CONFLICT' to 'COPY_RIGHT_TO_LEFT' on item /caches/caches_template/default/member/login.php
2013-04-09 21:54:36: === User Changed Action from 'CONFLICT' to 'COPY_RIGHT_TO_LEFT' on item /caches/caches_template/default/member/mini.php
2013-04-09 21:54:36: === User Changed Action from 'COPY_LEFT_TO_RIGHT' to 'COPY_RIGHT_TO_LEFT' on item /caches/caches_template/default/search
2013-04-09 21:54:36: === User Changed Action from 'COPY_LEFT_TO_RIGHT' to 'COPY_RIGHT_TO_LEFT' on item /caches/caches_template/default/search/footer.php
2013-04-09 21:54:36: === User Changed Action from 'COPY_LEFT_TO_RIGHT' to 'COPY_RIGHT_TO_LEFT' on item /caches/caches_template/default/search/header.php
2013-04-09 21:54:36: === User Changed Action from 'COPY_LEFT_TO_RIGHT' to 'COPY_RIGHT_TO_LEFT' on item /caches/caches_template/default/search/index.php
2013-04-09 21:54:36: === User Changed Action from 'COPY_LEFT_TO_RIGHT' to 'COPY_RIGHT_TO_LEFT' on item /caches/configs/database.php
2013-04-09 21:54:36: === User Changed Action from 'CONFLICT' to 'COPY_RIGHT_TO_LEFT' on item /caches/configs/modules.php
2013-04-09 21:54:36: === User Changed Action from 'CONFLICT' to 'COPY_RIGHT_TO_LEFT' on item /caches/configs/system.php
2013-04-09 21:54:36: === User Changed Action from 'COPY_LEFT_TO_RIGHT' to 'COPY_RIGHT_TO_LEFT' on item /caches/configs/version.php
2013-04-09 21:54:36: === User Changed Action from 'CONFLICT' to 'COPY_RIGHT_TO_LEFT' on item /caches/error_log.php
2013-04-09 21:54:36: Done.
2013-04-09 21:54:41: === User Changed Action from 'CONFLICT' to 'COPY_RIGHT_TO_LEFT' on item /caches/caches_admin/caches_data/copyfrom.cache.php
2013-04-09 21:54:41: === User Changed Action from 'CONFLICT' to 'COPY_RIGHT_TO_LEFT' on item /caches/caches_commons/caches_data/badword.cache.php
2013-04-09 21:54:41: === User Changed Action from 'CONFLICT' to 'COPY_RIGHT_TO_LEFT' on item /caches/caches_commons/caches_data/category_content.cache.php
2013-04-09 21:54:41: === User Changed Action from 'CONFLICT' to 'COPY_RIGHT_TO_LEFT' on item /caches/caches_commons/caches_data/category_content_1.cache.php
2013-04-09 21:54:41: === User Changed Action from 'CONFLICT' to 'COPY_RIGHT_TO_LEFT' on item /caches/caches_commons/caches_data/category_items_1.cache.php
2013-04-09 21:54:41: === User Changed Action from 'CONFLICT' to 'COPY_RIGHT_TO_LEFT' on item /caches/caches_commons/caches_data/category_items_11.cache.php
2013-04-09 21:54:41: === User Changed Action from 'CONFLICT' to 'COPY_RIGHT_TO_LEFT' on item /caches/caches_commons/caches_data/category_items_2.cache.php
2013-04-09 21:54:41: === User Changed Action from 'CONFLICT' to 'COPY_RIGHT_TO_LEFT' on item /caches/caches_commons/caches_data/category_items_3.cache.php
2013-04-09 21:54:41: === User Changed Action from 'CONFLICT' to 'COPY_RIGHT_TO_LEFT' on item /caches/caches_commons/caches_data/common.cache.php
2013-04-09 21:54:41: === User Changed Action from 'CONFLICT' to 'COPY_RIGHT_TO_LEFT' on item /caches/caches_commons/caches_data/downservers.cache.php
2013-04-09 21:54:41: === User Changed Action from 'CONFLICT' to 'COPY_RIGHT_TO_LEFT' on item /caches/caches_commons/caches_data/ipbanned.cache.php
2013-04-09 21:54:41: === User Changed Action from 'CONFLICT' to 'COPY_RIGHT_TO_LEFT' on item /caches/caches_commons/caches_data/keylink.cache.php
2013-04-09 21:54:41: === User Changed Action from 'CONFLICT' to 'COPY_RIGHT_TO_LEFT' on item /caches/caches_commons/caches_data/link.cache.php
2013-04-09 21:54:41: === User Changed Action from 'CONFLICT' to 'COPY_RIGHT_TO_LEFT' on item /caches/caches_commons/caches_data/member_model.cache.php
2013-04-09 21:54:41: === User Changed Action from 'CONFLICT' to 'COPY_RIGHT_TO_LEFT' on item /caches/caches_commons/caches_data/model.cache.php
2013-04-09 21:54:41: === User Changed Action from 'CONFLICT' to 'COPY_RIGHT_TO_LEFT' on item /caches/caches_commons/caches_data/modules.cache.php
2013-04-09 21:54:41: === User Changed Action from 'CONFLICT' to 'COPY_RIGHT_TO_LEFT' on item /caches/caches_commons/caches_data/position.cache.php
2013-04-09 21:54:41: === User Changed Action from 'CONFLICT' to 'COPY_RIGHT_TO_LEFT' on item /caches/caches_commons/caches_data/role.cache.php
2013-04-09 21:54:41: === User Changed Action from 'CONFLICT' to 'COPY_RIGHT_TO_LEFT' on item /caches/caches_commons/caches_data/role_siteid.cache.php
2013-04-09 21:54:41: === User Changed Action from 'CONFLICT' to 'COPY_RIGHT_TO_LEFT' on item /caches/caches_commons/caches_data/sitelist.cache.php
2013-04-09 21:54:41: === User Changed Action from 'CONFLICT' to 'COPY_RIGHT_TO_LEFT' on item /caches/caches_commons/caches_data/special.cache.php
2013-04-09 21:54:41: === User Changed Action from 'CONFLICT' to 'COPY_RIGHT_TO_LEFT' on item /caches/caches_commons/caches_data/type_content.cache.php
2013-04-09 21:54:41: === User Changed Action from 'CONFLICT' to 'COPY_RIGHT_TO_LEFT' on item /caches/caches_commons/caches_data/urlrules.cache.php
2013-04-09 21:54:41: === User Changed Action from 'CONFLICT' to 'COPY_RIGHT_TO_LEFT' on item /caches/caches_commons/caches_data/urlrules_detail.cache.php
2013-04-09 21:54:41: === User Changed Action from 'CONFLICT' to 'COPY_RIGHT_TO_LEFT' on item /caches/caches_commons/caches_data/vote.cache.php
2013-04-09 21:54:41: === User Changed Action from 'CONFLICT' to 'COPY_RIGHT_TO_LEFT' on item /caches/caches_commons/caches_data/workflow_1.cache.php
2013-04-09 21:54:41: === User Changed Action from 'COPY_LEFT_TO_RIGHT' to 'COPY_RIGHT_TO_LEFT' on item /caches/caches_content/caches_data/update_html_catid-1-1.cache.php
2013-04-09 21:54:41: === User Changed Action from 'COPY_LEFT_TO_RIGHT' to 'COPY_RIGHT_TO_LEFT' on item /caches/caches_content/caches_data/update_url_catid-1-1.cache.php
2013-04-09 21:54:41: === User Changed Action from 'CONFLICT' to 'COPY_RIGHT_TO_LEFT' on item /caches/caches_linkage/caches_data/1.cache.php
2013-04-09 21:54:41: === User Changed Action from 'CONFLICT' to 'COPY_RIGHT_TO_LEFT' on item /caches/caches_member/caches_data/grouplist.cache.php
2013-04-09 21:54:41: === User Changed Action from 'CONFLICT' to 'COPY_RIGHT_TO_LEFT' on item /caches/caches_member/caches_data/member_setting.cache.php
2013-04-09 21:54:41: === User Changed Action from 'CONFLICT' to 'COPY_RIGHT_TO_LEFT' on item /caches/caches_model/caches_data/content_form.class.php
2013-04-09 21:54:41: === User Changed Action from 'CONFLICT' to 'COPY_RIGHT_TO_LEFT' on item /caches/caches_model/caches_data/content_input.class.php
2013-04-09 21:54:41: === User Changed Action from 'CONFLICT' to 'COPY_RIGHT_TO_LEFT' on item /caches/caches_model/caches_data/content_output.class.php
2013-04-09 21:54:41: === User Changed Action from 'CONFLICT' to 'COPY_RIGHT_TO_LEFT' on item /caches/caches_model/caches_data/content_update.class.php
2013-04-09 21:54:41: === User Changed Action from 'CONFLICT' to 'COPY_RIGHT_TO_LEFT' on item /caches/caches_model/caches_data/member_form.class.php
2013-04-09 21:54:41: === User Changed Action from 'CONFLICT' to 'COPY_RIGHT_TO_LEFT' on item /caches/caches_model/caches_data/member_input.class.php
2013-04-09 21:54:41: === User Changed Action from 'CONFLICT' to 'COPY_RIGHT_TO_LEFT' on item /caches/caches_model/caches_data/member_output.class.php
2013-04-09 21:54:41: === User Changed Action from 'CONFLICT' to 'COPY_RIGHT_TO_LEFT' on item /caches/caches_model/caches_data/member_update.class.php
2013-04-09 21:54:41: === User Changed Action from 'CONFLICT' to 'COPY_RIGHT_TO_LEFT' on item /caches/caches_model/caches_data/model_field_1.cache.php
2013-04-09 21:54:41: === User Changed Action from 'CONFLICT' to 'COPY_RIGHT_TO_LEFT' on item /caches/caches_model/caches_data/model_field_10.cache.php
2013-04-09 21:54:41: === User Changed Action from 'CONFLICT' to 'COPY_RIGHT_TO_LEFT' on item /caches/caches_model/caches_data/model_field_11.cache.php
2013-04-09 21:54:41: === User Changed Action from 'CONFLICT' to 'COPY_RIGHT_TO_LEFT' on item /caches/caches_model/caches_data/model_field_2.cache.php
2013-04-09 21:54:41: === User Changed Action from 'CONFLICT' to 'COPY_RIGHT_TO_LEFT' on item /caches/caches_model/caches_data/model_field_3.cache.php
2013-04-09 21:54:41: === User Changed Action from 'CONFLICT' to 'COPY_RIGHT_TO_LEFT' on item /caches/caches_search/caches_data/search.cache.php
2013-04-09 21:54:41: === User Changed Action from 'CONFLICT' to 'COPY_RIGHT_TO_LEFT' on item /caches/caches_search/caches_data/search_model_1.cache.php
2013-04-09 21:54:41: === User Changed Action from 'CONFLICT' to 'COPY_RIGHT_TO_LEFT' on item /caches/caches_search/caches_data/type_model_1.cache.php
2013-04-09 21:54:41: === User Changed Action from 'CONFLICT' to 'COPY_RIGHT_TO_LEFT' on item /caches/caches_search/caches_data/type_module_1.cache.php
2013-04-09 21:54:41: === User Changed Action from 'CONFLICT' to 'COPY_RIGHT_TO_LEFT' on item /caches/caches_template/default/content
2013-04-09 21:54:41: === User Changed Action from 'CONFLICT' to 'COPY_RIGHT_TO_LEFT' on item /caches/caches_template/default/content/category_neican.php
2013-04-09 21:54:41: === User Changed Action from 'CONFLICT' to 'COPY_RIGHT_TO_LEFT' on item /caches/caches_template/default/content/footer.php
2013-04-09 21:54:41: === User Changed Action from 'CONFLICT' to 'COPY_RIGHT_TO_LEFT' on item /caches/caches_template/default/content/footer_neican.php
2013-04-09 21:54:41: === User Changed Action from 'CONFLICT' to 'COPY_RIGHT_TO_LEFT' on item /caches/caches_template/default/content/header.php
2013-04-09 21:54:41: === User Changed Action from 'CONFLICT' to 'COPY_RIGHT_TO_LEFT' on item /caches/caches_template/default/content/header_neican.php
2013-04-09 21:54:41: === User Changed Action from 'CONFLICT' to 'COPY_RIGHT_TO_LEFT' on item /caches/caches_template/default/content/index.php
2013-04-09 21:54:41: === User Changed Action from 'CONFLICT' to 'COPY_RIGHT_TO_LEFT' on item /caches/caches_template/default/content/list.php
2013-04-09 21:54:41: === User Changed Action from 'CONFLICT' to 'COPY_RIGHT_TO_LEFT' on item /caches/caches_template/default/content/list_neican.php
2013-04-09 21:54:41: === User Changed Action from 'CONFLICT' to 'COPY_RIGHT_TO_LEFT' on item /caches/caches_template/default/content/message.php
2013-04-09 21:54:41: === User Changed Action from 'CONFLICT' to 'COPY_RIGHT_TO_LEFT' on item /caches/caches_template/default/content/page.php
2013-04-09 21:54:41: === User Changed Action from 'CONFLICT' to 'COPY_RIGHT_TO_LEFT' on item /caches/caches_template/default/content/show.php
2013-04-09 21:54:41: === User Changed Action from 'CONFLICT' to 'COPY_RIGHT_TO_LEFT' on item /caches/caches_template/default/content/show_neican.php
2013-04-09 21:54:41: === User Changed Action from 'CONFLICT' to 'COPY_RIGHT_TO_LEFT' on item /caches/caches_template/default/member
2013-04-09 21:54:41: === User Changed Action from 'CONFLICT' to 'COPY_RIGHT_TO_LEFT' on item /caches/caches_template/default/member/footer.php
2013-04-09 21:54:41: === User Changed Action from 'CONFLICT' to 'COPY_RIGHT_TO_LEFT' on item /caches/caches_template/default/member/login.php
2013-04-09 21:54:41: === User Changed Action from 'CONFLICT' to 'COPY_RIGHT_TO_LEFT' on item /caches/caches_template/default/member/mini.php
2013-04-09 21:54:41: === User Changed Action from 'COPY_LEFT_TO_RIGHT' to 'COPY_RIGHT_TO_LEFT' on item /caches/caches_template/default/search
2013-04-09 21:54:41: === User Changed Action from 'COPY_LEFT_TO_RIGHT' to 'COPY_RIGHT_TO_LEFT' on item /caches/caches_template/default/search/footer.php
2013-04-09 21:54:41: === User Changed Action from 'COPY_LEFT_TO_RIGHT' to 'COPY_RIGHT_TO_LEFT' on item /caches/caches_template/default/search/header.php
2013-04-09 21:54:41: === User Changed Action from 'COPY_LEFT_TO_RIGHT' to 'COPY_RIGHT_TO_LEFT' on item /caches/caches_template/default/search/index.php
2013-04-09 21:54:41: === User Changed Action from 'COPY_LEFT_TO_RIGHT' to 'COPY_RIGHT_TO_LEFT' on item /caches/configs/database.php
2013-04-09 21:54:41: === User Changed Action from 'CONFLICT' to 'COPY_RIGHT_TO_LEFT' on item /caches/configs/modules.php
2013-04-09 21:54:41: === User Changed Action from 'CONFLICT' to 'COPY_RIGHT_TO_LEFT' on item /caches/configs/system.php
2013-04-09 21:54:41: === User Changed Action from 'COPY_LEFT_TO_RIGHT' to 'COPY_RIGHT_TO_LEFT' on item /caches/configs/version.php
2013-04-09 21:54:41: === User Changed Action from 'CONFLICT' to 'COPY_RIGHT_TO_LEFT' on item /caches/error_log.php
2013-04-09 21:54:41: Done.
2013-04-09 21:54:51: Done.
2013-04-09 21:54:55: Done.
2013-04-09 21:54:59: === User Changed Action from 'COPY_RIGHT_TO_LEFT' to 'NO_COPY' on item /caches/caches_commons/caches_data/type_content_1.cache.php
2013-04-09 21:54:59: Done.
2013-04-09 21:55:15: ===== ：任务 'GuPiao'：同步已被 User 所启动，位于计算机 'SIMON-PC' =====
2013-04-09 21:55:15: GuPiao: E:\ProjectCode\CompanyCMS <-> ftp://jinshihao482.gotoftp3.com/wwwroot [implicit] [mdtm] [ping-control], SavePrevVers, CleanupPrevVers=30d, CleanupOldGens=24m, TmpDest, EstReq, CopyLocked, DetectMovesAndRenames, DetectFolderMoves, FileLinksDrill, Reconnect=3, ChangeLimit=10
2013-04-09 21:55:15: Locking folder E:\ProjectCode\CompanyCMS for write
2013-04-09 21:55:15: Locking folder ftp://jinshihao482.gotoftp3.com/wwwroot for write
2013-04-09 21:55:19: Load Recycled DB: E:\ProjectCode\CompanyCMS\_gsdata_\_recycled_db._gs
2013-04-09 21:55:19: Load Recycled DB: ftp://jinshihao482.gotoftp3.com/wwwroot/_gsdata_/_recycled_db._gs
2013-04-09 21:55:19: 删除文件 'E:\ProjectCode\CompanyCMS\caches\caches_content\caches_data\update_url_catid-1-1.cache.php' (User Action)
2013-04-09 21:55:19: Sync State Merge: /caches/caches_template/default/content/category.php
2013-04-09 21:55:19: Sync State Merge: /caches/caches_template/default/content/header_page.php
2013-04-09 21:55:19: Sync State Merge: /caches/caches_template/default/content/list_download.php
2013-04-09 21:55:19: Sync State Merge: /caches/caches_template/default/content/tag.php
2013-04-09 21:55:19: Sync State Merge: /caches/caches_template/default/link/index.php
2013-04-09 21:55:19: Sync State Merge: /caches/caches_template/default/link
2013-04-09 21:55:19: Sync State Merge: /caches/caches_template/default/member/header.php
2013-04-09 21:55:19: Sync State Merge: /caches/caches_template/default/member/index.php
2013-04-09 21:55:19: Sync State Merge: /caches/caches_template/default/member/left.php
2013-04-09 21:55:19: Sync State Merge: /caches/caches_template/default/member/register.php
2013-04-09 21:55:19: 删除文件 'E:\ProjectCode\CompanyCMS\caches\caches_template\default\search\footer.php' (User Action)
- 错误: Cannot move destination file to history folder: E:\ProjectCode\CompanyCMS\_gsdata_\_saved_\caches\caches_template\default\search\footer.php: 系统找不到指定的路径。 (error 3); Error may be caused by Offline Folders: read http://www.goodsync.com/faq.html#vista_rename_bug
2013-04-09 21:55:19: 删除文件 'E:\ProjectCode\CompanyCMS\caches\caches_template\default\search\header.php' (User Action)
- 错误: Cannot move destination file to history folder: E:\ProjectCode\CompanyCMS\_gsdata_\_saved_\caches\caches_template\default\search\header.php: 系统找不到指定的路径。 (error 3); Error may be caused by Offline Folders: read http://www.goodsync.com/faq.html#vista_rename_bug
2013-04-09 21:55:19: 删除文件 'E:\ProjectCode\CompanyCMS\caches\caches_template\default\search\index.php' (User Action)
- 错误: Cannot move destination file to history folder: E:\ProjectCode\CompanyCMS\_gsdata_\_saved_\caches\caches_template\default\search\index.php: 系统找不到指定的路径。 (error 3); Error may be caused by Offline Folders: read http://www.goodsync.com/faq.html#vista_rename_bug
2013-04-09 21:55:19: Sync State Merge: /phpcms/languages/zh-cn/admin.lang.php
2013-04-09 21:55:19: Sync State Merge: /phpcms/modules/admin/templates/index.tpl.php
2013-04-09 21:55:19: Sync State Merge: /phpcms/modules/admin/templates/login.tpl.php
2013-04-09 21:55:19: Sync State Merge: /phpcms/modules/admin/templates/main.tpl.php
2013-04-09 21:55:19: Sync State Merge: /phpcms/templates/default/content/index.html
2013-04-09 21:55:19: Sync State Merge: /statics/css/default_blue.css
2013-04-09 21:55:19: Sync State Merge: /statics/images/admin_img/login_bg.jpg
2013-04-09 21:55:19: Sync State Merge: /statics/images/admin_img/logo_1.gif
2013-04-09 21:55:19: 创建文件夹 'E:\ProjectCode\CompanyCMS\caches\caches_template\default\content' (User Action)
2013-04-09 21:55:20: 创建文件夹 'E:\ProjectCode\CompanyCMS\caches\caches_template\default\member' (User Action)
2013-04-09 21:55:20: 创建文件夹 'E:\ProjectCode\CompanyCMS\uploadfile\2013\0406'
2013-04-09 21:55:20: 创建文件夹 'E:\ProjectCode\CompanyCMS\uploadfile\2013\0408'
2013-04-09 21:55:20: /caches/caches_admin/caches_data/copyfrom.cache.php: unresolved conflict results in No Copy
2013-04-09 21:55:20: /caches/caches_commons/caches_data/badword.cache.php: unresolved conflict results in No Copy
2013-04-09 21:55:20: /caches/caches_commons/caches_data/category_content.cache.php: unresolved conflict results in No Copy
2013-04-09 21:55:20: /caches/caches_commons/caches_data/category_content_1.cache.php: unresolved conflict results in No Copy
2013-04-09 21:55:20: /caches/caches_commons/caches_data/category_items_1.cache.php: unresolved conflict results in No Copy
2013-04-09 21:55:20: /caches/caches_commons/caches_data/category_items_11.cache.php: unresolved conflict results in No Copy
2013-04-09 21:55:20: /caches/caches_commons/caches_data/category_items_2.cache.php: unresolved conflict results in No Copy
2013-04-09 21:55:20: /caches/caches_commons/caches_data/category_items_3.cache.php: unresolved conflict results in No Copy
2013-04-09 21:55:20: /caches/caches_commons/caches_data/common.cache.php: unresolved conflict results in No Copy
2013-04-09 21:55:20: /caches/caches_commons/caches_data/downservers.cache.php: unresolved conflict results in No Copy
2013-04-09 21:55:20: /caches/caches_commons/caches_data/ipbanned.cache.php: unresolved conflict results in No Copy
2013-04-09 21:55:20: /caches/caches_commons/caches_data/keylink.cache.php: unresolved conflict results in No Copy
2013-04-09 21:55:20: /caches/caches_commons/caches_data/link.cache.php: unresolved conflict results in No Copy
2013-04-09 21:55:20: /caches/caches_commons/caches_data/member_model.cache.php: unresolved conflict results in No Copy
2013-04-09 21:55:20: /caches/caches_commons/caches_data/model.cache.php: unresolved conflict results in No Copy
2013-04-09 21:55:20: /caches/caches_commons/caches_data/modules.cache.php: unresolved conflict results in No Copy
2013-04-09 21:55:20: /caches/caches_commons/caches_data/position.cache.php: unresolved conflict results in No Copy
2013-04-09 21:55:20: /caches/caches_commons/caches_data/role.cache.php: unresolved conflict results in No Copy
2013-04-09 21:55:20: /caches/caches_commons/caches_data/role_siteid.cache.php: unresolved conflict results in No Copy
2013-04-09 21:55:20: /caches/caches_commons/caches_data/sitelist.cache.php: unresolved conflict results in No Copy
2013-04-09 21:55:20: /caches/caches_commons/caches_data/special.cache.php: unresolved conflict results in No Copy
2013-04-09 21:55:20: /caches/caches_commons/caches_data/type_content.cache.php: unresolved conflict results in No Copy
2013-04-09 21:55:20: /caches/caches_commons/caches_data/urlrules.cache.php: unresolved conflict results in No Copy
2013-04-09 21:55:20: /caches/caches_commons/caches_data/urlrules_detail.cache.php: unresolved conflict results in No Copy
2013-04-09 21:55:20: /caches/caches_commons/caches_data/vote.cache.php: unresolved conflict results in No Copy
2013-04-09 21:55:20: /caches/caches_commons/caches_data/workflow_1.cache.php: unresolved conflict results in No Copy
2013-04-09 21:55:20: 覆盖复制 'ftp://jinshihao482.gotoftp3.com/wwwroot/caches/caches_content/caches_data/update_html_catid-1-1.cache.php' -> 'E:\ProjectCode\CompanyCMS\caches\caches_content\caches_data\update_html_catid-1-1.cache.php' (User Action)
2013-04-09 21:55:23: 覆盖复制 'ftp://jinshihao482.gotoftp3.com/wwwroot/caches/caches_linkage/caches_data/1.cache.php' -> 'E:\ProjectCode\CompanyCMS\caches\caches_linkage\caches_data\1.cache.php' (User Action)
2013-04-09 21:55:23: 覆盖复制 'ftp://jinshihao482.gotoftp3.com/wwwroot/caches/caches_member/caches_data/grouplist.cache.php' -> 'E:\ProjectCode\CompanyCMS\caches\caches_member\caches_data\grouplist.cache.php' (User Action)
2013-04-09 21:55:23: 覆盖复制 'ftp://jinshihao482.gotoftp3.com/wwwroot/caches/caches_member/caches_data/member_setting.cache.php' -> 'E:\ProjectCode\CompanyCMS\caches\caches_member\caches_data\member_setting.cache.php' (User Action)
2013-04-09 21:55:24: 覆盖复制 'ftp://jinshihao482.gotoftp3.com/wwwroot/caches/caches_model/caches_data/content_form.class.php' -> 'E:\ProjectCode\CompanyCMS\caches\caches_model\caches_data\content_form.class.php' (User Action)
2013-04-09 21:56:55: FTP: Control connection lost was after good data transfer, so we assume data transfer was OK: receiving line: [receiving data jinshihao482.gotoftp3.com:21]: Time out
2013-04-09 21:56:56: FTP: Fast reconnect succeeded
2013-04-09 21:56:56: 覆盖复制 'ftp://jinshihao482.gotoftp3.com/wwwroot/caches/caches_model/caches_data/content_input.class.php' -> 'E:\ProjectCode\CompanyCMS\caches\caches_model\caches_data\content_input.class.php' (User Action)
2013-04-09 21:56:56: 覆盖复制 'ftp://jinshihao482.gotoftp3.com/wwwroot/caches/caches_model/caches_data/content_output.class.php' -> 'E:\ProjectCode\CompanyCMS\caches\caches_model\caches_data\content_output.class.php' (User Action)
2013-04-09 21:56:57: 覆盖复制 'ftp://jinshihao482.gotoftp3.com/wwwroot/caches/caches_model/caches_data/content_update.class.php' -> 'E:\ProjectCode\CompanyCMS\caches\caches_model\caches_data\content_update.class.php' (User Action)
2013-04-09 21:56:57: 覆盖复制 'ftp://jinshihao482.gotoftp3.com/wwwroot/caches/caches_model/caches_data/member_form.class.php' -> 'E:\ProjectCode\CompanyCMS\caches\caches_model\caches_data\member_form.class.php' (User Action)
2013-04-09 21:56:57: 覆盖复制 'ftp://jinshihao482.gotoftp3.com/wwwroot/caches/caches_model/caches_data/member_input.class.php' -> 'E:\ProjectCode\CompanyCMS\caches\caches_model\caches_data\member_input.class.php' (User Action)
2013-04-09 21:56:58: 覆盖复制 'ftp://jinshihao482.gotoftp3.com/wwwroot/caches/caches_model/caches_data/member_output.class.php' -> 'E:\ProjectCode\CompanyCMS\caches\caches_model\caches_data\member_output.class.php' (User Action)
2013-04-09 21:56:59: 覆盖复制 'ftp://jinshihao482.gotoftp3.com/wwwroot/caches/caches_model/caches_data/member_update.class.php' -> 'E:\ProjectCode\CompanyCMS\caches\caches_model\caches_data\member_update.class.php' (User Action)
2013-04-09 21:56:59: 覆盖复制 'ftp://jinshihao482.gotoftp3.com/wwwroot/caches/caches_model/caches_data/model_field_1.cache.php' -> 'E:\ProjectCode\CompanyCMS\caches\caches_model\caches_data\model_field_1.cache.php' (User Action)
2013-04-09 21:56:59: 覆盖复制 'ftp://jinshihao482.gotoftp3.com/wwwroot/caches/caches_model/caches_data/model_field_10.cache.php' -> 'E:\ProjectCode\CompanyCMS\caches\caches_model\caches_data\model_field_10.cache.php' (User Action)
2013-04-09 21:57:00: 覆盖复制 'ftp://jinshihao482.gotoftp3.com/wwwroot/caches/caches_model/caches_data/model_field_11.cache.php' -> 'E:\ProjectCode\CompanyCMS\caches\caches_model\caches_data\model_field_11.cache.php' (User Action)
2013-04-09 21:57:00: 覆盖复制 'ftp://jinshihao482.gotoftp3.com/wwwroot/caches/caches_model/caches_data/model_field_2.cache.php' -> 'E:\ProjectCode\CompanyCMS\caches\caches_model\caches_data\model_field_2.cache.php' (User Action)
2013-04-09 21:57:01: 覆盖复制 'ftp://jinshihao482.gotoftp3.com/wwwroot/caches/caches_model/caches_data/model_field_3.cache.php' -> 'E:\ProjectCode\CompanyCMS\caches\caches_model\caches_data\model_field_3.cache.php' (User Action)
2013-04-09 21:57:01: 覆盖复制 'ftp://jinshihao482.gotoftp3.com/wwwroot/caches/caches_search/caches_data/search.cache.php' -> 'E:\ProjectCode\CompanyCMS\caches\caches_search\caches_data\search.cache.php' (User Action)
2013-04-09 21:57:02: 覆盖复制 'ftp://jinshihao482.gotoftp3.com/wwwroot/caches/caches_search/caches_data/search_model_1.cache.php' -> 'E:\ProjectCode\CompanyCMS\caches\caches_search\caches_data\search_model_1.cache.php' (User Action)
2013-04-09 21:57:02: 覆盖复制 'ftp://jinshihao482.gotoftp3.com/wwwroot/caches/caches_search/caches_data/type_model_1.cache.php' -> 'E:\ProjectCode\CompanyCMS\caches\caches_search\caches_data\type_model_1.cache.php' (User Action)
2013-04-09 21:57:03: 覆盖复制 'ftp://jinshihao482.gotoftp3.com/wwwroot/caches/caches_search/caches_data/type_module_1.cache.php' -> 'E:\ProjectCode\CompanyCMS\caches\caches_search\caches_data\type_module_1.cache.php' (User Action)
2013-04-09 21:57:03: 新建复制 'ftp://jinshihao482.gotoftp3.com/wwwroot/caches/caches_template/default/content/category_neican.php' -> 'E:\ProjectCode\CompanyCMS\caches\caches_template\default\content\category_neican.php' (User Action)
2013-04-09 21:57:03: 新建复制 'ftp://jinshihao482.gotoftp3.com/wwwroot/caches/caches_template/default/content/footer.php' -> 'E:\ProjectCode\CompanyCMS\caches\caches_template\default\content\footer.php' (User Action)
2013-04-09 21:57:04: 新建复制 'ftp://jinshihao482.gotoftp3.com/wwwroot/caches/caches_template/default/content/footer_neican.php' -> 'E:\ProjectCode\CompanyCMS\caches\caches_template\default\content\footer_neican.php' (User Action)
2013-04-09 21:57:04: 新建复制 'ftp://jinshihao482.gotoftp3.com/wwwroot/caches/caches_template/default/content/header.php' -> 'E:\ProjectCode\CompanyCMS\caches\caches_template\default\content\header.php' (User Action)
2013-04-09 21:57:04: 新建复制 'ftp://jinshihao482.gotoftp3.com/wwwroot/caches/caches_template/default/content/header_neican.php' -> 'E:\ProjectCode\CompanyCMS\caches\caches_template\default\content\header_neican.php' (User Action)
2013-04-09 21:57:05: 新建复制 'ftp://jinshihao482.gotoftp3.com/wwwroot/caches/caches_template/default/content/index.php' -> 'E:\ProjectCode\CompanyCMS\caches\caches_template\default\content\index.php' (User Action)
2013-04-09 21:57:05: 新建复制 'ftp://jinshihao482.gotoftp3.com/wwwroot/caches/caches_template/default/content/list.php' -> 'E:\ProjectCode\CompanyCMS\caches\caches_template\default\content\list.php' (User Action)
2013-04-09 21:57:05: 新建复制 'ftp://jinshihao482.gotoftp3.com/wwwroot/caches/caches_template/default/content/list_neican.php' -> 'E:\ProjectCode\CompanyCMS\caches\caches_template\default\content\list_neican.php' (User Action)
2013-04-09 21:57:05: 新建复制 'ftp://jinshihao482.gotoftp3.com/wwwroot/caches/caches_template/default/content/message.php' -> 'E:\ProjectCode\CompanyCMS\caches\caches_template\default\content\message.php' (User Action)
2013-04-09 21:57:06: 新建复制 'ftp://jinshihao482.gotoftp3.com/wwwroot/caches/caches_template/default/content/page.php' -> 'E:\ProjectCode\CompanyCMS\caches\caches_template\default\content\page.php' (User Action)
2013-04-09 21:57:09: 新建复制 'ftp://jinshihao482.gotoftp3.com/wwwroot/caches/caches_template/default/content/show.php' -> 'E:\ProjectCode\CompanyCMS\caches\caches_template\default\content\show.php' (User Action)
2013-04-09 21:57:10: 新建复制 'ftp://jinshihao482.gotoftp3.com/wwwroot/caches/caches_template/default/content/show_neican.php' -> 'E:\ProjectCode\CompanyCMS\caches\caches_template\default\content\show_neican.php' (User Action)
2013-04-09 21:57:10: 新建复制 'ftp://jinshihao482.gotoftp3.com/wwwroot/caches/caches_template/default/member/footer.php' -> 'E:\ProjectCode\CompanyCMS\caches\caches_template\default\member\footer.php' (User Action)
2013-04-09 21:57:11: 新建复制 'ftp://jinshihao482.gotoftp3.com/wwwroot/caches/caches_template/default/member/login.php' -> 'E:\ProjectCode\CompanyCMS\caches\caches_template\default\member\login.php' (User Action)
2013-04-09 21:57:11: 新建复制 'ftp://jinshihao482.gotoftp3.com/wwwroot/caches/caches_template/default/member/mini.php' -> 'E:\ProjectCode\CompanyCMS\caches\caches_template\default\member\mini.php' (User Action)
2013-04-09 21:57:11: 删除文件夹 'E:\ProjectCode\CompanyCMS\caches\caches_template\default\search' (User Action)
- 错误: Cannot delete folder: Cannot delete folder: 系统找不到指定的文件。 (error 2)
2013-04-09 21:57:11: 覆盖复制 'ftp://jinshihao482.gotoftp3.com/wwwroot/caches/configs/database.php' -> 'E:\ProjectCode\CompanyCMS\caches\configs\database.php' (User Action)
2013-04-09 21:57:12: 覆盖复制 'ftp://jinshihao482.gotoftp3.com/wwwroot/caches/configs/modules.php' -> 'E:\ProjectCode\CompanyCMS\caches\configs\modules.php' (User Action)
2013-04-09 21:57:12: 覆盖复制 'ftp://jinshihao482.gotoftp3.com/wwwroot/caches/configs/system.php' -> 'E:\ProjectCode\CompanyCMS\caches\configs\system.php' (User Action)
2013-04-09 21:57:12: 覆盖复制 'ftp://jinshihao482.gotoftp3.com/wwwroot/caches/configs/version.php' -> 'E:\ProjectCode\CompanyCMS\caches\configs\version.php' (User Action)
2013-04-09 21:57:17: 覆盖复制 'ftp://jinshihao482.gotoftp3.com/wwwroot/caches/error_log.php' -> 'E:\ProjectCode\CompanyCMS\caches\error_log.php' (User Action)
2013-04-09 21:57:17: /favicon.png: unresolved conflict results in No Copy
2013-04-09 21:57:17: 覆盖复制 'ftp://jinshihao482.gotoftp3.com/wwwroot/html/about/index.html' -> 'E:\ProjectCode\CompanyCMS\html\about\index.html' (User Action)
2013-04-09 21:57:17: 覆盖复制 'ftp://jinshihao482.gotoftp3.com/wwwroot/index.html' -> 'E:\ProjectCode\CompanyCMS\index.html'
2013-04-09 21:57:21: 覆盖复制 'ftp://jinshihao482.gotoftp3.com/wwwroot/phpcms/languages/zh-cn/system.lang.php' -> 'E:\ProjectCode\CompanyCMS\phpcms\languages\zh-cn\system.lang.php' (User Action)
2013-04-09 21:57:23: 覆盖复制 'E:\ProjectCode\CompanyCMS\phpcms\languages\zh-cn\system_menu.lang.php' -> 'ftp://jinshihao482.gotoftp3.com/wwwroot/phpcms/languages/zh-cn/system_menu.lang.php'
2013-04-09 21:57:24: 覆盖复制 'ftp://jinshihao482.gotoftp3.com/wwwroot/phpcms/templates/default/content/header.html' -> 'E:\ProjectCode\CompanyCMS\phpcms\templates\default\content\header.html' (User Action)
2013-04-09 21:57:24: 覆盖复制 'ftp://jinshihao482.gotoftp3.com/wwwroot/phpcms/templates/default/content/header_neican.html' -> 'E:\ProjectCode\CompanyCMS\phpcms\templates\default\content\header_neican.html' (User Action)
2013-04-09 21:57:24: 覆盖复制 'ftp://jinshihao482.gotoftp3.com/wwwroot/phpcms/templates/default/content/header_page.html' -> 'E:\ProjectCode\CompanyCMS\phpcms\templates\default\content\header_page.html' (User Action)
2013-04-09 21:57:25: 覆盖复制 'ftp://jinshihao482.gotoftp3.com/wwwroot/phpcms/templates/default/content/page.html' -> 'E:\ProjectCode\CompanyCMS\phpcms\templates\default\content\page.html' (User Action)
2013-04-09 21:57:25: 覆盖复制 'ftp://jinshihao482.gotoftp3.com/wwwroot/phpcms/templates/default/link/index.html' -> 'E:\ProjectCode\CompanyCMS\phpcms\templates\default\link\index.html' (User Action)
2013-04-09 21:57:26: 覆盖复制 'ftp://jinshihao482.gotoftp3.com/wwwroot/phpcms/templates/default/member/mini.html' -> 'E:\ProjectCode\CompanyCMS\phpcms\templates\default\member\mini.html' (User Action)
2013-04-09 21:57:27: 覆盖复制 'ftp://jinshihao482.gotoftp3.com/wwwroot/statics/css/link.css' -> 'E:\ProjectCode\CompanyCMS\statics\css\link.css' (User Action)
2013-04-09 21:57:27: 覆盖复制 'ftp://jinshihao482.gotoftp3.com/wwwroot/statics/images/friend_link_logo/link1.gif' -> 'E:\ProjectCode\CompanyCMS\statics\images\friend_link_logo\link1.gif' (User Action)
2013-04-09 21:57:28: 覆盖复制 'ftp://jinshihao482.gotoftp3.com/wwwroot/statics/images/friend_link_logo/link2.gif' -> 'E:\ProjectCode\CompanyCMS\statics\images\friend_link_logo\link2.gif' (User Action)
2013-04-09 21:57:28: 覆盖复制 'ftp://jinshihao482.gotoftp3.com/wwwroot/statics/images/friend_link_logo/link3.gif' -> 'E:\ProjectCode\CompanyCMS\statics\images\friend_link_logo\link3.gif' (User Action)
2013-04-09 21:57:28: 覆盖复制 'ftp://jinshihao482.gotoftp3.com/wwwroot/statics/images/friend_link_logo/link4.gif' -> 'E:\ProjectCode\CompanyCMS\statics\images\friend_link_logo\link4.gif' (User Action)
2013-04-09 21:57:29: 覆盖复制 'ftp://jinshihao482.gotoftp3.com/wwwroot/statics/images/friend_link_logo/link5.gif' -> 'E:\ProjectCode\CompanyCMS\statics\images\friend_link_logo\link5.gif' (User Action)
2013-04-09 21:57:29: 覆盖复制 'ftp://jinshihao482.gotoftp3.com/wwwroot/statics/images/inner_linker.gif' -> 'E:\ProjectCode\CompanyCMS\statics\images\inner_linker.gif' (User Action)
2013-04-09 21:57:30: 覆盖复制 'ftp://jinshihao482.gotoftp3.com/wwwroot/statics/images/inner_navbg.gif' -> 'E:\ProjectCode\CompanyCMS\statics\images\inner_navbg.gif' (User Action)
2013-04-09 21:57:30: 覆盖复制 'ftp://jinshihao482.gotoftp3.com/wwwroot/statics/images/logo.jpg' -> 'E:\ProjectCode\CompanyCMS\statics\images\logo.jpg' (User Action)
2013-04-09 21:57:30: 覆盖复制 'ftp://jinshihao482.gotoftp3.com/wwwroot/statics/images/neican/neirong_01.jpg' -> 'E:\ProjectCode\CompanyCMS\statics\images\neican\neirong_01.jpg' (User Action)
2013-04-09 21:57:31: 新建复制 'ftp://jinshihao482.gotoftp3.com/wwwroot/uploadfile/2013/0406/20130406021238903.png' -> 'E:\ProjectCode\CompanyCMS\uploadfile\2013\0406\20130406021238903.png'
2013-04-09 21:57:31: 新建复制 'ftp://jinshihao482.gotoftp3.com/wwwroot/uploadfile/2013/0406/20130406021408389.jpg' -> 'E:\ProjectCode\CompanyCMS\uploadfile\2013\0406\20130406021408389.jpg'
2013-04-09 21:57:32: 新建复制 'ftp://jinshihao482.gotoftp3.com/wwwroot/uploadfile/2013/0406/20130406025544484.jpg' -> 'E:\ProjectCode\CompanyCMS\uploadfile\2013\0406\20130406025544484.jpg'
2013-04-09 21:57:32: 新建复制 'ftp://jinshihao482.gotoftp3.com/wwwroot/uploadfile/2013/0406/20130406025545725.jpg' -> 'E:\ProjectCode\CompanyCMS\uploadfile\2013\0406\20130406025545725.jpg'
2013-04-09 21:57:33: 新建复制 'ftp://jinshihao482.gotoftp3.com/wwwroot/uploadfile/2013/0406/20130406030142751.png' -> 'E:\ProjectCode\CompanyCMS\uploadfile\2013\0406\20130406030142751.png'
2013-04-09 21:57:33: 新建复制 'ftp://jinshihao482.gotoftp3.com/wwwroot/uploadfile/2013/0406/20130406030949445.jpg' -> 'E:\ProjectCode\CompanyCMS\uploadfile\2013\0406\20130406030949445.jpg'
2013-04-09 21:57:34: 新建复制 'ftp://jinshihao482.gotoftp3.com/wwwroot/uploadfile/2013/0406/20130406032725666.jpg' -> 'E:\ProjectCode\CompanyCMS\uploadfile\2013\0406\20130406032725666.jpg'
2013-04-09 21:57:34: 新建复制 'ftp://jinshihao482.gotoftp3.com/wwwroot/uploadfile/2013/0406/20130406070654944.png' -> 'E:\ProjectCode\CompanyCMS\uploadfile\2013\0406\20130406070654944.png'
2013-04-09 21:57:35: 新建复制 'ftp://jinshihao482.gotoftp3.com/wwwroot/uploadfile/2013/0408/20130408071537761.png' -> 'E:\ProjectCode\CompanyCMS\uploadfile\2013\0408\20130408071537761.png'
2013-04-09 21:57:36: 新建复制 'ftp://jinshihao482.gotoftp3.com/wwwroot/uploadfile/2013/0408/20130408071538277.png' -> 'E:\ProjectCode\CompanyCMS\uploadfile\2013\0408\20130408071538277.png'
2013-04-09 21:57:36: 新建复制 'ftp://jinshihao482.gotoftp3.com/wwwroot/uploadfile/2013/0408/20130408071538808.png' -> 'E:\ProjectCode\CompanyCMS\uploadfile\2013\0408\20130408071538808.png'
2013-04-09 21:57:37: 保存状态文件 E:\ProjectCode\CompanyCMS\_gsdata_\_file_state_v4._gs
2013-04-09 21:57:41: 保存状态文件 ftp://jinshihao482.gotoftp3.com/wwwroot/_gsdata_/_file_state_v4._gs
2013-04-09 21:57:42: 同步完成，错误数为 4 。点击错误按钮即可查看同步错误情况。
2013-04-09 21:57:42: Save Recycled DB: E:\ProjectCode\CompanyCMS\_gsdata_\_recycled_db._gs
2013-04-09 21:59:13: FTP: Control connection lost was after good data transfer, so we assume data transfer was OK: receiving line: [receiving data jinshihao482.gotoftp3.com:21]: Time out
2013-04-09 21:59:13: Save Recycled DB: ftp://jinshihao482.gotoftp3.com/wwwroot/_gsdata_/_recycled_db._gs
2013-04-09 21:59:13: 项目同步未必： 95，错误： 4
2013-04-09 21:59:14: FTP: Fast reconnect succeeded
2013-04-09 21:59:16: ===== ：同步完毕。时间：00:04:04，速度： 15.3 KB/s (51.7 KB/s) =====
2013-04-09 21:59:16: Deleted lock file E:\ProjectCode\CompanyCMS\_gsdata_\_insync_v4.gsl
2013-04-09 21:59:16: Deleted lock file ftp://jinshihao482.gotoftp3.com/wwwroot/_gsdata_/_insync_v4.gsl
2013-04-09 21:59:16: 
